0 verbose cli D:\Ddownload\node.js\node.exe D:\Ddownload\node.js\node_modules\npm\bin\npm-cli.js
1 info using npm@11.6.2
2 info using node@v25.2.1
3 silly config load:file:D:\Ddownload\node.js\node_modules\npm\npmrc
4 silly config load:file:D:\cursor\restaurant-order\restaurant-frontend\.npmrc
5 silly config load:file:C:\Users\WWb\.npmrc
6 silly config load:file:C:\Users\WWb\AppData\Roaming\npm\etc\npmrc
7 verbose title npm install
8 verbose argv "install"
9 verbose logfile logs-max:10 dir:D:\cursor\restaurant-order\%APPDATA%\npm-cache\_logs\2026-06-18T02_19_03_810Z-
10 verbose logfile D:\cursor\restaurant-order\%APPDATA%\npm-cache\_logs\2026-06-18T02_19_03_810Z-debug-0.log
11 silly logfile done cleaning log files
12 silly packumentCache heap:4496293888 maxSize:1124073472 maxEntrySize:562036736
13 silly idealTree buildDeps
14 silly fetch manifest vue@^3.5.34
15 silly packumentCache full:https://registry.npmjs.org/vue cache-miss
16 http fetch GET 200 https://registry.npmjs.org/vue 6956ms (cache miss)
17 silly packumentCache full:https://registry.npmjs.org/vue set size:undefined disposed:false
18 silly fetch manifest typescript@*
19 silly packumentCache full:https://registry.npmjs.org/typescript cache-miss
20 http fetch GET 200 https://registry.npmjs.org/typescript 40923ms (cache miss)
21 silly packumentCache full:https://registry.npmjs.org/typescript set size:undefined disposed:false
22 silly fetch manifest @vitejs/plugin-vue@^6.0.6
23 silly packumentCache full:https://registry.npmjs.org/@vitejs%2fplugin-vue cache-miss
24 http fetch GET 200 https://registry.npmjs.org/@vitejs%2fplugin-vue 4593ms (cache miss)
25 silly packumentCache full:https://registry.npmjs.org/@vitejs%2fplugin-vue set size:undefined disposed:false
26 silly fetch manifest vite@^8.0.12
27 silly packumentCache full:https://registry.npmjs.org/vite cache-miss
28 http fetch GET 200 https://registry.npmjs.org/vite 299277ms (cache miss)
29 silly packumentCache full:https://registry.npmjs.org/vite set size:undefined disposed:false
30 silly fetch manifest @types/node@^20.19.0 || >=22.12.0
31 silly packumentCache full:https://registry.npmjs.org/@types%2fnode cache-miss
32 http fetch GET 200 https://registry.npmjs.org/@types%2fnode 29680ms (cache miss)
33 silly packumentCache full:https://registry.npmjs.org/@types%2fnode set size:undefined disposed:false
34 silly fetch manifest @vitejs/devtools@^0.1.18
35 silly packumentCache full:https://registry.npmjs.org/@vitejs%2fdevtools cache-miss
36 http fetch GET 200 https://registry.npmjs.org/@vitejs%2fdevtools 813ms (cache miss)
37 silly packumentCache full:https://registry.npmjs.org/@vitejs%2fdevtools set size:undefined disposed:false
38 silly fetch manifest esbuild@^0.27.0 || ^0.28.0
39 silly packumentCache full:https://registry.npmjs.org/esbuild cache-miss
40 http fetch GET 200 https://registry.npmjs.org/esbuild 6701ms (cache miss)
41 silly packumentCache full:https://registry.npmjs.org/esbuild set size:undefined disposed:false
42 silly fetch manifest jiti@>=1.21.0
43 silly packumentCache full:https://registry.npmjs.org/jiti cache-miss
44 http fetch GET 200 https://registry.npmjs.org/jiti 1022ms (cache miss)
45 silly packumentCache full:https://registry.npmjs.org/jiti set size:undefined disposed:false
46 silly fetch manifest less@^4.0.0
47 silly packumentCache full:https://registry.npmjs.org/less cache-miss
48 http fetch GET 200 https://registry.npmjs.org/less 857ms (cache miss)
49 silly packumentCache full:https://registry.npmjs.org/less set size:undefined disposed:false
50 silly fetch manifest sass@^1.70.0
51 silly packumentCache full:https://registry.npmjs.org/sass cache-miss
52 http fetch GET 200 https://registry.npmjs.org/sass 1700ms (cache miss)
53 silly packumentCache full:https://registry.npmjs.org/sass set size:undefined disposed:false
54 silly fetch manifest sass-embedded@^1.70.0
55 silly packumentCache full:https://registry.npmjs.org/sass-embedded cache-miss
56 http fetch GET 200 https://registry.npmjs.org/sass-embedded 654ms (cache miss)
57 silly packumentCache full:https://registry.npmjs.org/sass-embedded set size:undefined disposed:false
58 silly fetch manifest stylus@>=0.54.8
59 silly packumentCache full:https://registry.npmjs.org/stylus cache-miss
60 http fetch GET 200 https://registry.npmjs.org/stylus 580ms (cache miss)
61 silly packumentCache full:https://registry.npmjs.org/stylus set size:undefined disposed:false
62 silly fetch manifest sugarss@^5.0.0
63 silly packumentCache full:https://registry.npmjs.org/sugarss cache-miss
64 http fetch GET 200 https://registry.npmjs.org/sugarss 414ms (cache miss)
65 silly packumentCache full:https://registry.npmjs.org/sugarss set size:undefined disposed:false
66 silly fetch manifest postcss@^8.3.3
67 silly packumentCache full:https://registry.npmjs.org/postcss cache-miss
68 http fetch GET 200 https://registry.npmjs.org/postcss 1868ms (cache miss)
69 silly packumentCache full:https://registry.npmjs.org/postcss set size:undefined disposed:false
70 silly fetch manifest terser@^5.16.0
71 silly packumentCache full:https://registry.npmjs.org/terser cache-miss
72 http fetch GET 200 https://registry.npmjs.org/terser 2433ms (cache miss)
73 silly packumentCache full:https://registry.npmjs.org/terser set size:undefined disposed:false
74 silly fetch manifest tsx@^4.8.1
75 silly packumentCache full:https://registry.npmjs.org/tsx cache-miss
76 http fetch GET 200 https://registry.npmjs.org/tsx 1736ms (cache miss)
77 silly packumentCache full:https://registry.npmjs.org/tsx set size:undefined disposed:false
78 silly fetch manifest yaml@^2.4.2
79 silly packumentCache full:https://registry.npmjs.org/yaml cache-miss
80 http fetch GET 200 https://registry.npmjs.org/yaml 5062ms (cache miss)
81 silly packumentCache full:https://registry.npmjs.org/yaml set size:undefined disposed:false
82 silly placeDep ROOT @vitejs/plugin-vue@6.0.7 OK for: restaurant-frontend@0.0.0 want: ^6.0.6
83 silly placeDep ROOT vite@8.0.16 OK for: @vitejs/plugin-vue@6.0.7 want: ^5.0.0 || ^6.0.0 || ^7.0.0 || ^8.0.0
84 silly placeDep ROOT vue@3.5.38 OK for: @vitejs/plugin-vue@6.0.7 want: ^3.2.25
85 silly fetch manifest @rolldown/pluginutils@^1.0.1
86 silly packumentCache full:https://registry.npmjs.org/@rolldown%2fpluginutils cache-miss
87 silly fetch manifest @vue/shared@3.5.38
88 silly packumentCache full:https://registry.npmjs.org/@vue%2fshared cache-miss
89 silly fetch manifest @vue/runtime-dom@3.5.38
90 silly packumentCache full:https://registry.npmjs.org/@vue%2fruntime-dom cache-miss
91 silly fetch manifest @vue/compiler-dom@3.5.38
92 silly packumentCache full:https://registry.npmjs.org/@vue%2fcompiler-dom cache-miss
93 silly fetch manifest @vue/compiler-sfc@3.5.38
94 silly packumentCache full:https://registry.npmjs.org/@vue%2fcompiler-sfc cache-miss
95 silly fetch manifest @vue/server-renderer@3.5.38
96 silly packumentCache full:https://registry.npmjs.org/@vue%2fserver-renderer cache-miss
97 silly fetch manifest postcss@^8.5.15
98 silly packumentCache full:https://registry.npmjs.org/postcss cache-miss
99 silly fetch manifest rolldown@1.0.3
100 silly packumentCache full:https://registry.npmjs.org/rolldown cache-miss
101 silly fetch manifest picomatch@^4.0.4
102 silly packumentCache full:https://registry.npmjs.org/picomatch cache-miss
103 silly fetch manifest tinyglobby@^0.2.17
104 silly packumentCache full:https://registry.npmjs.org/tinyglobby cache-miss
105 silly fetch manifest lightningcss@^1.32.0
106 silly packumentCache full:https://registry.npmjs.org/lightningcss cache-miss
107 silly fetch manifest fsevents@~2.3.3
108 silly packumentCache full:https://registry.npmjs.org/fsevents cache-miss
109 http cache https://registry.npmjs.org/postcss 53ms (cache hit)
110 silly packumentCache full:https://registry.npmjs.org/postcss set size:723316 disposed:false
111 http fetch GET 200 https://registry.npmjs.org/@rolldown%2fpluginutils 7682ms (cache miss)
112 silly packumentCache full:https://registry.npmjs.org/@rolldown%2fpluginutils set size:undefined disposed:false
113 http fetch GET 200 https://registry.npmjs.org/tinyglobby 19799ms (cache miss)
114 silly packumentCache full:https://registry.npmjs.org/tinyglobby set size:undefined disposed:false
115 http fetch GET 200 https://registry.npmjs.org/lightningcss 23488ms (cache miss)
116 silly packumentCache full:https://registry.npmjs.org/lightningcss set size:undefined disposed:false
117 http fetch GET https://registry.npmjs.org/picomatch attempt 1 failed with ECONNRESET
118 http fetch GET 200 https://registry.npmjs.org/fsevents 25741ms (cache miss)
119 silly packumentCache full:https://registry.npmjs.org/fsevents set size:undefined disposed:false
120 http fetch GET 200 https://registry.npmjs.org/@vue%2fcompiler-sfc 33751ms (cache miss)
121 silly packumentCache full:https://registry.npmjs.org/@vue%2fcompiler-sfc set size:undefined disposed:false
122 http fetch GET 200 https://registry.npmjs.org/@vue%2fshared 34079ms (cache miss)
123 silly packumentCache full:https://registry.npmjs.org/@vue%2fshared set size:undefined disposed:false
124 http fetch GET 200 https://registry.npmjs.org/@vue%2fcompiler-dom 34234ms (cache miss)
125 silly packumentCache full:https://registry.npmjs.org/@vue%2fcompiler-dom set size:undefined disposed:false
126 http fetch GET 200 https://registry.npmjs.org/rolldown 34561ms (cache miss)
127 silly packumentCache full:https://registry.npmjs.org/rolldown set size:undefined disposed:false
128 http fetch GET 200 https://registry.npmjs.org/@vue%2fruntime-dom 34580ms (cache miss)
129 silly packumentCache full:https://registry.npmjs.org/@vue%2fruntime-dom set size:undefined disposed:false
130 http fetch GET 200 https://registry.npmjs.org/@vue%2fserver-renderer 34590ms (cache miss)
131 silly packumentCache full:https://registry.npmjs.org/@vue%2fserver-renderer set size:undefined disposed:false
132 http fetch GET 200 https://registry.npmjs.org/picomatch 36218ms attempt #2 (cache miss)
133 silly packumentCache full:https://registry.npmjs.org/picomatch set size:undefined disposed:false
134 silly placeDep ROOT @rolldown/pluginutils@1.0.1 OK for: @vitejs/plugin-vue@6.0.7 want: ^1.0.1
135 silly placeDep ROOT fsevents@2.3.3 OK for: vite@8.0.16 want: ~2.3.3
136 silly placeDep ROOT lightningcss@1.32.0 OK for: vite@8.0.16 want: ^1.32.0
137 silly placeDep ROOT picomatch@4.0.4 OK for: vite@8.0.16 want: ^4.0.4
138 silly placeDep ROOT postcss@8.5.15 OK for: vite@8.0.16 want: ^8.5.15
139 silly placeDep ROOT rolldown@1.0.3 OK for: vite@8.0.16 want: 1.0.3
140 silly placeDep ROOT tinyglobby@0.2.17 OK for: vite@8.0.16 want: ^0.2.17
141 silly fetch manifest detect-libc@^2.0.3
142 silly packumentCache full:https://registry.npmjs.org/detect-libc cache-miss
143 silly fetch manifest lightningcss-darwin-x64@1.32.0
144 silly packumentCache full:https://registry.npmjs.org/lightningcss-darwin-x64 cache-miss
145 silly fetch manifest lightningcss-linux-x64-gnu@1.32.0
146 silly packumentCache full:https://registry.npmjs.org/lightningcss-linux-x64-gnu cache-miss
147 silly fetch manifest lightningcss-win32-x64-msvc@1.32.0
148 silly packumentCache full:https://registry.npmjs.org/lightningcss-win32-x64-msvc cache-miss
149 silly fetch manifest lightningcss-win32-arm64-msvc@1.32.0
150 silly packumentCache full:https://registry.npmjs.org/lightningcss-win32-arm64-msvc cache-miss
151 silly fetch manifest lightningcss-darwin-arm64@1.32.0
152 silly packumentCache full:https://registry.npmjs.org/lightningcss-darwin-arm64 cache-miss
153 silly fetch manifest lightningcss-linux-arm64-gnu@1.32.0
154 silly packumentCache full:https://registry.npmjs.org/lightningcss-linux-arm64-gnu cache-miss
155 silly fetch manifest lightningcss-linux-arm-gnueabihf@1.32.0
156 silly packumentCache full:https://registry.npmjs.org/lightningcss-linux-arm-gnueabihf cache-miss
157 silly fetch manifest lightningcss-linux-arm64-musl@1.32.0
158 silly packumentCache full:https://registry.npmjs.org/lightningcss-linux-arm64-musl cache-miss
159 silly fetch manifest lightningcss-linux-x64-musl@1.32.0
160 silly packumentCache full:https://registry.npmjs.org/lightningcss-linux-x64-musl cache-miss
161 silly fetch manifest lightningcss-freebsd-x64@1.32.0
162 silly packumentCache full:https://registry.npmjs.org/lightningcss-freebsd-x64 cache-miss
163 silly fetch manifest lightningcss-android-arm64@1.32.0
164 silly packumentCache full:https://registry.npmjs.org/lightningcss-android-arm64 cache-miss
165 silly fetch manifest nanoid@^3.3.12
166 silly packumentCache full:https://registry.npmjs.org/nanoid cache-miss
167 silly fetch manifest picocolors@^1.1.1
168 silly packumentCache full:https://registry.npmjs.org/picocolors cache-miss
169 silly fetch manifest source-map-js@^1.2.1
170 silly packumentCache full:https://registry.npmjs.org/source-map-js cache-miss
171 silly fetch manifest @oxc-project/types@=0.133.0
172 silly packumentCache full:https://registry.npmjs.org/@oxc-project%2ftypes cache-miss
173 silly fetch manifest @rolldown/binding-darwin-x64@1.0.3
174 silly packumentCache full:https://registry.npmjs.org/@rolldown%2fbinding-darwin-x64 cache-miss
175 silly fetch manifest @rolldown/binding-freebsd-x64@1.0.3
176 silly packumentCache full:https://registry.npmjs.org/@rolldown%2fbinding-freebsd-x64 cache-miss
177 silly fetch manifest @rolldown/binding-wasm32-wasi@1.0.3
178 silly packumentCache full:https://registry.npmjs.org/@rolldown%2fbinding-wasm32-wasi cache-miss
179 silly fetch manifest @rolldown/binding-darwin-arm64@1.0.3
180 silly packumentCache full:https://registry.npmjs.org/@rolldown%2fbinding-darwin-arm64 cache-miss
181 silly fetch manifest @rolldown/binding-android-arm64@1.0.3
182 silly packumentCache full:https://registry.npmjs.org/@rolldown%2fbinding-android-arm64 cache-miss
183 silly fetch manifest @rolldown/binding-linux-x64-gnu@1.0.3
184 silly packumentCache full:https://registry.npmjs.org/@rolldown%2fbinding-linux-x64-gnu cache-miss
185 silly fetch manifest @rolldown/binding-linux-x64-musl@1.0.3
186 silly packumentCache full:https://registry.npmjs.org/@rolldown%2fbinding-linux-x64-musl cache-miss
187 silly fetch manifest @rolldown/binding-win32-x64-msvc@1.0.3
188 silly packumentCache full:https://registry.npmjs.org/@rolldown%2fbinding-win32-x64-msvc cache-miss
189 silly fetch manifest @rolldown/binding-linux-arm64-gnu@1.0.3
190 silly packumentCache full:https://registry.npmjs.org/@rolldown%2fbinding-linux-arm64-gnu cache-miss
191 silly fetch manifest @rolldown/binding-linux-ppc64-gnu@1.0.3
192 silly packumentCache full:https://registry.npmjs.org/@rolldown%2fbinding-linux-ppc64-gnu cache-miss
193 silly fetch manifest @rolldown/binding-linux-s390x-gnu@1.0.3
194 silly packumentCache full:https://registry.npmjs.org/@rolldown%2fbinding-linux-s390x-gnu cache-miss
195 silly fetch manifest @rolldown/binding-linux-arm64-musl@1.0.3
196 silly packumentCache full:https://registry.npmjs.org/@rolldown%2fbinding-linux-arm64-musl cache-miss
197 silly fetch manifest @rolldown/binding-win32-arm64-msvc@1.0.3
198 silly packumentCache full:https://registry.npmjs.org/@rolldown%2fbinding-win32-arm64-msvc cache-miss
199 silly fetch manifest @rolldown/binding-openharmony-arm64@1.0.3
200 silly packumentCache full:https://registry.npmjs.org/@rolldown%2fbinding-openharmony-arm64 cache-miss
201 silly fetch manifest @rolldown/binding-linux-arm-gnueabihf@1.0.3
202 silly packumentCache full:https://registry.npmjs.org/@rolldown%2fbinding-linux-arm-gnueabihf cache-miss
203 http fetch GET 200 https://registry.npmjs.org/lightningcss-android-arm64 299ms (cache miss)
204 silly packumentCache full:https://registry.npmjs.org/lightningcss-android-arm64 set size:undefined disposed:false
205 silly fetch manifest fdir@^6.5.0
206 silly packumentCache full:https://registry.npmjs.org/fdir cache-miss
207 http fetch GET 200 https://registry.npmjs.org/lightningcss-linux-arm64-gnu 301ms (cache miss)
208 silly packumentCache full:https://registry.npmjs.org/lightningcss-linux-arm64-gnu set size:undefined disposed:false
209 http fetch GET 200 https://registry.npmjs.org/lightningcss-darwin-arm64 357ms (cache miss)
210 silly packumentCache full:https://registry.npmjs.org/lightningcss-darwin-arm64 set size:undefined disposed:false
211 http fetch GET 200 https://registry.npmjs.org/lightningcss-linux-arm64-musl 441ms (cache miss)
212 silly packumentCache full:https://registry.npmjs.org/lightningcss-linux-arm64-musl set size:undefined disposed:false
213 http fetch GET 200 https://registry.npmjs.org/lightningcss-linux-x64-gnu 478ms (cache miss)
214 silly packumentCache full:https://registry.npmjs.org/lightningcss-linux-x64-gnu set size:undefined disposed:false
215 http fetch GET 200 https://registry.npmjs.org/lightningcss-linux-arm-gnueabihf 772ms (cache miss)
216 silly packumentCache full:https://registry.npmjs.org/lightningcss-linux-arm-gnueabihf set size:undefined disposed:false
217 http fetch GET 200 https://registry.npmjs.org/lightningcss-win32-x64-msvc 784ms (cache miss)
218 silly packumentCache full:https://registry.npmjs.org/lightningcss-win32-x64-msvc set size:undefined disposed:false
219 http fetch GET 200 https://registry.npmjs.org/@rolldown%2fbinding-android-arm64 3621ms (cache miss)
220 silly packumentCache full:https://registry.npmjs.org/@rolldown%2fbinding-android-arm64 set size:undefined disposed:false
221 http fetch GET 200 https://registry.npmjs.org/lightningcss-darwin-x64 4924ms (cache miss)
222 silly packumentCache full:https://registry.npmjs.org/lightningcss-darwin-x64 set size:undefined disposed:false
223 http fetch GET 200 https://registry.npmjs.org/lightningcss-win32-arm64-msvc 5502ms (cache miss)
224 silly packumentCache full:https://registry.npmjs.org/lightningcss-win32-arm64-msvc set size:undefined disposed:false
225 http fetch GET 200 https://registry.npmjs.org/source-map-js 5752ms (cache miss)
226 silly packumentCache full:https://registry.npmjs.org/source-map-js set size:undefined disposed:false
227 http fetch GET 200 https://registry.npmjs.org/detect-libc 6888ms (cache miss)
228 silly packumentCache full:https://registry.npmjs.org/detect-libc set size:undefined disposed:false
229 http fetch GET 200 https://registry.npmjs.org/lightningcss-linux-x64-musl 6896ms (cache miss)
230 silly packumentCache full:https://registry.npmjs.org/lightningcss-linux-x64-musl set size:undefined disposed:false
231 http fetch GET 200 https://registry.npmjs.org/picocolors 8955ms (cache miss)
232 silly packumentCache full:https://registry.npmjs.org/picocolors set size:undefined disposed:false
233 http fetch GET 200 https://registry.npmjs.org/@rolldown%2fbinding-linux-s390x-gnu 10332ms (cache miss)
234 silly packumentCache full:https://registry.npmjs.org/@rolldown%2fbinding-linux-s390x-gnu set size:undefined disposed:false
235 http fetch GET 200 https://registry.npmjs.org/lightningcss-freebsd-x64 11075ms (cache miss)
236 silly packumentCache full:https://registry.npmjs.org/lightningcss-freebsd-x64 set size:undefined disposed:false
237 http fetch GET 200 https://registry.npmjs.org/@oxc-project%2ftypes 12625ms (cache miss)
238 silly packumentCache full:https://registry.npmjs.org/@oxc-project%2ftypes set size:undefined disposed:false
239 http fetch GET 200 https://registry.npmjs.org/nanoid 12631ms (cache miss)
240 silly packumentCache full:https://registry.npmjs.org/nanoid set size:undefined disposed:false
241 http fetch GET 200 https://registry.npmjs.org/@rolldown%2fbinding-openharmony-arm64 15010ms (cache miss)
242 silly packumentCache full:https://registry.npmjs.org/@rolldown%2fbinding-openharmony-arm64 set size:undefined disposed:false
243 http fetch GET 200 https://registry.npmjs.org/@rolldown%2fbinding-linux-ppc64-gnu 15344ms (cache miss)
244 silly packumentCache full:https://registry.npmjs.org/@rolldown%2fbinding-linux-ppc64-gnu set size:undefined disposed:false
245 http fetch GET 200 https://registry.npmjs.org/@rolldown%2fbinding-darwin-x64 15806ms (cache miss)
246 silly packumentCache full:https://registry.npmjs.org/@rolldown%2fbinding-darwin-x64 set size:undefined disposed:false
247 http fetch GET 200 https://registry.npmjs.org/@rolldown%2fbinding-freebsd-x64 21498ms (cache miss)
248 silly packumentCache full:https://registry.npmjs.org/@rolldown%2fbinding-freebsd-x64 set size:undefined disposed:false
249 http fetch GET 200 https://registry.npmjs.org/@rolldown%2fbinding-wasm32-wasi 21570ms (cache miss)
250 silly packumentCache full:https://registry.npmjs.org/@rolldown%2fbinding-wasm32-wasi set size:undefined disposed:false
251 http fetch GET 200 https://registry.npmjs.org/fdir 21866ms (cache miss)
252 silly packumentCache full:https://registry.npmjs.org/fdir set size:undefined disposed:false
253 http fetch GET 200 https://registry.npmjs.org/@rolldown%2fbinding-darwin-arm64 22545ms (cache miss)
254 silly packumentCache full:https://registry.npmjs.org/@rolldown%2fbinding-darwin-arm64 set size:undefined disposed:false
255 http fetch GET 200 https://registry.npmjs.org/@rolldown%2fbinding-linux-arm64-musl 31233ms (cache miss)
256 silly packumentCache full:https://registry.npmjs.org/@rolldown%2fbinding-linux-arm64-musl set size:undefined disposed:false
257 http fetch GET 200 https://registry.npmjs.org/@rolldown%2fbinding-win32-x64-msvc 35183ms (cache miss)
258 silly packumentCache full:https://registry.npmjs.org/@rolldown%2fbinding-win32-x64-msvc set size:undefined disposed:false
259 http fetch GET 200 https://registry.npmjs.org/@rolldown%2fbinding-linux-arm64-gnu 40052ms (cache miss)
260 silly packumentCache full:https://registry.npmjs.org/@rolldown%2fbinding-linux-arm64-gnu set size:undefined disposed:false
261 http fetch GET 200 https://registry.npmjs.org/@rolldown%2fbinding-linux-arm-gnueabihf 48858ms (cache miss)
262 silly packumentCache full:https://registry.npmjs.org/@rolldown%2fbinding-linux-arm-gnueabihf set size:undefined disposed:false
263 http fetch GET 200 https://registry.npmjs.org/@rolldown%2fbinding-linux-x64-musl 51256ms (cache miss)
264 silly packumentCache full:https://registry.npmjs.org/@rolldown%2fbinding-linux-x64-musl set size:undefined disposed:false
265 http fetch GET 200 https://registry.npmjs.org/@rolldown%2fbinding-win32-arm64-msvc 52714ms (cache miss)
266 silly packumentCache full:https://registry.npmjs.org/@rolldown%2fbinding-win32-arm64-msvc set size:undefined disposed:false
267 http fetch GET 200 https://registry.npmjs.org/@rolldown%2fbinding-linux-x64-gnu 57181ms (cache miss)
268 silly packumentCache full:https://registry.npmjs.org/@rolldown%2fbinding-linux-x64-gnu set size:undefined disposed:false
269 silly placeDep ROOT detect-libc@2.1.2 OK for: lightningcss@1.32.0 want: ^2.0.3
270 silly placeDep ROOT lightningcss-android-arm64@1.32.0 OK for: lightningcss@1.32.0 want: 1.32.0
271 silly placeDep ROOT lightningcss-darwin-arm64@1.32.0 OK for: lightningcss@1.32.0 want: 1.32.0
272 silly placeDep ROOT lightningcss-darwin-x64@1.32.0 OK for: lightningcss@1.32.0 want: 1.32.0
273 silly placeDep ROOT lightningcss-freebsd-x64@1.32.0 OK for: lightningcss@1.32.0 want: 1.32.0
274 silly placeDep ROOT lightningcss-linux-arm-gnueabihf@1.32.0 OK for: lightningcss@1.32.0 want: 1.32.0
275 silly placeDep ROOT lightningcss-linux-arm64-gnu@1.32.0 OK for: lightningcss@1.32.0 want: 1.32.0
276 silly placeDep ROOT lightningcss-linux-arm64-musl@1.32.0 OK for: lightningcss@1.32.0 want: 1.32.0
277 silly placeDep ROOT lightningcss-linux-x64-gnu@1.32.0 OK for: lightningcss@1.32.0 want: 1.32.0
278 silly placeDep ROOT lightningcss-linux-x64-musl@1.32.0 OK for: lightningcss@1.32.0 want: 1.32.0
279 silly placeDep ROOT lightningcss-win32-arm64-msvc@1.32.0 OK for: lightningcss@1.32.0 want: 1.32.0
280 silly placeDep ROOT lightningcss-win32-x64-msvc@1.32.0 OK for: lightningcss@1.32.0 want: 1.32.0
281 silly placeDep ROOT nanoid@3.3.12 OK for: postcss@8.5.15 want: ^3.3.12
282 silly placeDep ROOT picocolors@1.1.1 OK for: postcss@8.5.15 want: ^1.1.1
283 silly placeDep ROOT source-map-js@1.2.1 OK for: postcss@8.5.15 want: ^1.2.1
284 silly placeDep ROOT @oxc-project/types@0.133.0 OK for: rolldown@1.0.3 want: =0.133.0
285 silly placeDep ROOT @rolldown/binding-android-arm64@1.0.3 OK for: rolldown@1.0.3 want: 1.0.3
286 silly placeDep ROOT @rolldown/binding-darwin-arm64@1.0.3 OK for: rolldown@1.0.3 want: 1.0.3
287 silly placeDep ROOT @rolldown/binding-darwin-x64@1.0.3 OK for: rolldown@1.0.3 want: 1.0.3
288 silly placeDep ROOT @rolldown/binding-freebsd-x64@1.0.3 OK for: rolldown@1.0.3 want: 1.0.3
289 silly placeDep ROOT @rolldown/binding-linux-arm-gnueabihf@1.0.3 OK for: rolldown@1.0.3 want: 1.0.3
290 silly placeDep ROOT @rolldown/binding-linux-arm64-gnu@1.0.3 OK for: rolldown@1.0.3 want: 1.0.3
291 silly placeDep ROOT @rolldown/binding-linux-arm64-musl@1.0.3 OK for: rolldown@1.0.3 want: 1.0.3
292 silly placeDep ROOT @rolldown/binding-linux-ppc64-gnu@1.0.3 OK for: rolldown@1.0.3 want: 1.0.3
293 silly placeDep ROOT @rolldown/binding-linux-s390x-gnu@1.0.3 OK for: rolldown@1.0.3 want: 1.0.3
294 silly placeDep ROOT @rolldown/binding-linux-x64-gnu@1.0.3 OK for: rolldown@1.0.3 want: 1.0.3
295 silly placeDep ROOT @rolldown/binding-linux-x64-musl@1.0.3 OK for: rolldown@1.0.3 want: 1.0.3
296 silly placeDep ROOT @rolldown/binding-openharmony-arm64@1.0.3 OK for: rolldown@1.0.3 want: 1.0.3
297 silly placeDep ROOT @rolldown/binding-wasm32-wasi@1.0.3 OK for: rolldown@1.0.3 want: 1.0.3
298 silly placeDep ROOT @rolldown/binding-win32-arm64-msvc@1.0.3 OK for: rolldown@1.0.3 want: 1.0.3
299 silly placeDep ROOT @rolldown/binding-win32-x64-msvc@1.0.3 OK for: rolldown@1.0.3 want: 1.0.3
300 silly fetch manifest @emnapi/core@1.10.0
301 silly packumentCache full:https://registry.npmjs.org/@emnapi%2fcore cache-miss
302 silly fetch manifest @emnapi/runtime@1.10.0
303 silly packumentCache full:https://registry.npmjs.org/@emnapi%2fruntime cache-miss
304 silly fetch manifest @napi-rs/wasm-runtime@^1.1.4
305 silly packumentCache full:https://registry.npmjs.org/@napi-rs%2fwasm-runtime cache-miss
306 http fetch GET 200 https://registry.npmjs.org/@emnapi%2fruntime 208ms (cache miss)
307 silly packumentCache full:https://registry.npmjs.org/@emnapi%2fruntime set size:undefined disposed:false
308 http fetch GET 200 https://registry.npmjs.org/@emnapi%2fcore 315ms (cache miss)
309 silly packumentCache full:https://registry.npmjs.org/@emnapi%2fcore set size:undefined disposed:false
310 http fetch GET 200 https://registry.npmjs.org/@napi-rs%2fwasm-runtime 509ms (cache miss)
311 silly packumentCache full:https://registry.npmjs.org/@napi-rs%2fwasm-runtime set size:undefined disposed:false
312 silly placeDep ROOT @emnapi/core@1.10.0 OK for: @rolldown/binding-wasm32-wasi@1.0.3 want: 1.10.0
313 silly placeDep ROOT @emnapi/runtime@1.10.0 OK for: @rolldown/binding-wasm32-wasi@1.0.3 want: 1.10.0
314 silly placeDep ROOT @napi-rs/wasm-runtime@1.1.5 OK for: @rolldown/binding-wasm32-wasi@1.0.3 want: ^1.1.4
315 silly fetch manifest tslib@^2.4.0
316 silly packumentCache full:https://registry.npmjs.org/tslib cache-miss
317 silly fetch manifest @emnapi/wasi-threads@1.2.1
318 silly packumentCache full:https://registry.npmjs.org/@emnapi%2fwasi-threads cache-miss
319 silly fetch manifest tslib@^2.4.0
320 silly packumentCache full:https://registry.npmjs.org/tslib cache-miss
321 silly fetch manifest @tybys/wasm-util@^0.10.2
322 silly packumentCache full:https://registry.npmjs.org/@tybys%2fwasm-util cache-miss
323 http fetch GET 200 https://registry.npmjs.org/@emnapi%2fwasi-threads 701ms (cache miss)
324 silly packumentCache full:https://registry.npmjs.org/@emnapi%2fwasi-threads set size:undefined disposed:false
325 http fetch GET 200 https://registry.npmjs.org/@tybys%2fwasm-util 1029ms (cache miss)
326 silly packumentCache full:https://registry.npmjs.org/@tybys%2fwasm-util set size:undefined disposed:false
327 http fetch GET 200 https://registry.npmjs.org/tslib 1147ms (cache miss)
328 silly packumentCache full:https://registry.npmjs.org/tslib set size:undefined disposed:false
329 http fetch GET 200 https://registry.npmjs.org/tslib 12314ms (cache miss)
330 silly packumentCache full:https://registry.npmjs.org/tslib set size:undefined disposed:false
331 silly placeDep ROOT @emnapi/wasi-threads@1.2.1 OK for: @emnapi/core@1.10.0 want: 1.2.1
332 silly placeDep ROOT tslib@2.8.1 OK for: @emnapi/core@1.10.0 want: ^2.4.0
333 silly placeDep ROOT @tybys/wasm-util@0.10.2 OK for: @napi-rs/wasm-runtime@1.1.5 want: ^0.10.2
334 silly placeDep ROOT fdir@6.5.0 OK for: tinyglobby@0.2.17 want: ^6.5.0
335 silly fetch manifest vue@3.5.38
336 silly packumentCache full:https://registry.npmjs.org/vue cache-miss
337 http fetch GET 200 https://registry.npmjs.org/vue 284ms (cache revalidated)
338 silly packumentCache full:https://registry.npmjs.org/vue set size:2061254 disposed:false
339 silly placeDep ROOT @vue/compiler-dom@3.5.38 OK for: vue@3.5.38 want: 3.5.38
340 silly placeDep ROOT @vue/compiler-sfc@3.5.38 OK for: vue@3.5.38 want: 3.5.38
341 silly placeDep ROOT @vue/runtime-dom@3.5.38 OK for: vue@3.5.38 want: 3.5.38
342 silly placeDep ROOT @vue/server-renderer@3.5.38 OK for: vue@3.5.38 want: 3.5.38
343 silly placeDep ROOT @vue/shared@3.5.38 OK for: vue@3.5.38 want: 3.5.38
344 silly fetch manifest @vue/compiler-core@3.5.38
345 silly packumentCache full:https://registry.npmjs.org/@vue%2fcompiler-core cache-miss
346 silly fetch manifest magic-string@^0.30.21
347 silly packumentCache full:https://registry.npmjs.org/magic-string cache-miss
348 silly fetch manifest @babel/parser@^7.29.7
349 silly packumentCache full:https://registry.npmjs.org/@babel%2fparser cache-miss
350 silly fetch manifest estree-walker@^2.0.2
351 silly packumentCache full:https://registry.npmjs.org/estree-walker cache-miss
352 silly fetch manifest @vue/compiler-ssr@3.5.38
353 silly packumentCache full:https://registry.npmjs.org/@vue%2fcompiler-ssr cache-miss
354 silly fetch manifest @vue/compiler-core@3.5.38
355 silly packumentCache full:https://registry.npmjs.org/@vue%2fcompiler-core cache-miss
356 silly fetch manifest csstype@^3.2.3
357 silly packumentCache full:https://registry.npmjs.org/csstype cache-miss
358 silly fetch manifest @vue/reactivity@3.5.38
359 silly packumentCache full:https://registry.npmjs.org/@vue%2freactivity cache-miss
360 silly fetch manifest @vue/runtime-core@3.5.38
361 silly packumentCache full:https://registry.npmjs.org/@vue%2fruntime-core cache-miss
362 silly fetch manifest @vue/compiler-ssr@3.5.38
363 silly packumentCache full:https://registry.npmjs.org/@vue%2fcompiler-ssr cache-miss
364 http fetch GET 200 https://registry.npmjs.org/csstype 1188ms (cache miss)
365 silly packumentCache full:https://registry.npmjs.org/csstype set size:undefined disposed:false
366 http fetch GET 200 https://registry.npmjs.org/@vue%2fruntime-core 1252ms (cache miss)
367 silly packumentCache full:https://registry.npmjs.org/@vue%2fruntime-core set size:undefined disposed:false
368 http fetch GET 200 https://registry.npmjs.org/@vue%2fcompiler-core 2202ms (cache miss)
369 silly packumentCache full:https://registry.npmjs.org/@vue%2fcompiler-core set size:undefined disposed:false
370 http fetch GET 200 https://registry.npmjs.org/@babel%2fparser 2347ms (cache miss)
371 silly packumentCache full:https://registry.npmjs.org/@babel%2fparser set size:undefined disposed:false
372 http fetch GET 200 https://registry.npmjs.org/@vue%2freactivity 2637ms (cache miss)
373 silly packumentCache full:https://registry.npmjs.org/@vue%2freactivity set size:undefined disposed:false
374 http fetch GET 200 https://registry.npmjs.org/estree-walker 2804ms (cache miss)
375 silly packumentCache full:https://registry.npmjs.org/estree-walker set size:undefined disposed:false
376 http fetch GET 200 https://registry.npmjs.org/magic-string 3557ms (cache miss)
377 silly packumentCache full:https://registry.npmjs.org/magic-string set size:undefined disposed:false
378 http fetch GET 200 https://registry.npmjs.org/@vue%2fcompiler-core 6824ms (cache miss)
379 silly packumentCache full:https://registry.npmjs.org/@vue%2fcompiler-core set size:undefined disposed:false
380 http fetch GET 200 https://registry.npmjs.org/@vue%2fcompiler-ssr 11408ms (cache miss)
381 silly packumentCache full:https://registry.npmjs.org/@vue%2fcompiler-ssr set size:undefined disposed:false
382 http fetch GET 200 https://registry.npmjs.org/@vue%2fcompiler-ssr 11451ms (cache miss)
383 silly packumentCache full:https://registry.npmjs.org/@vue%2fcompiler-ssr set size:undefined disposed:false
384 silly placeDep ROOT @vue/compiler-core@3.5.38 OK for: @vue/compiler-dom@3.5.38 want: 3.5.38
385 silly fetch manifest entities@^7.0.1
386 silly packumentCache full:https://registry.npmjs.org/entities cache-miss
387 http fetch GET 200 https://registry.npmjs.org/entities 498ms (cache miss)
388 silly packumentCache full:https://registry.npmjs.org/entities set size:undefined disposed:false
389 silly placeDep ROOT @babel/parser@7.29.7 OK for: @vue/compiler-core@3.5.38 want: ^7.29.7
390 silly placeDep ROOT entities@7.0.1 OK for: @vue/compiler-core@3.5.38 want: ^7.0.1
391 silly placeDep ROOT estree-walker@2.0.2 OK for: @vue/compiler-core@3.5.38 want: ^2.0.2
392 silly fetch manifest @babel/types@^7.29.7
393 silly packumentCache full:https://registry.npmjs.org/@babel%2ftypes cache-miss
394 http fetch GET 200 https://registry.npmjs.org/@babel%2ftypes 1429ms (cache miss)
395 silly packumentCache full:https://registry.npmjs.org/@babel%2ftypes set size:undefined disposed:false
396 silly placeDep ROOT @babel/types@7.29.7 OK for: @babel/parser@7.29.7 want: ^7.29.7
397 silly fetch manifest @babel/helper-string-parser@^7.29.7
398 silly packumentCache full:https://registry.npmjs.org/@babel%2fhelper-string-parser cache-miss
399 silly fetch manifest @babel/helper-validator-identifier@^7.29.7
400 silly packumentCache full:https://registry.npmjs.org/@babel%2fhelper-validator-identifier cache-miss
401 http fetch GET 200 https://registry.npmjs.org/@babel%2fhelper-validator-identifier 402ms (cache miss)
402 silly packumentCache full:https://registry.npmjs.org/@babel%2fhelper-validator-identifier set size:undefined disposed:false
403 http fetch GET 200 https://registry.npmjs.org/@babel%2fhelper-string-parser 623ms (cache miss)
404 silly packumentCache full:https://registry.npmjs.org/@babel%2fhelper-string-parser set size:undefined disposed:false
405 silly placeDep ROOT @babel/helper-string-parser@7.29.7 OK for: @babel/types@7.29.7 want: ^7.29.7
406 silly placeDep ROOT @babel/helper-validator-identifier@7.29.7 OK for: @babel/types@7.29.7 want: ^7.29.7
407 silly placeDep ROOT @vue/compiler-ssr@3.5.38 OK for: @vue/compiler-sfc@3.5.38 want: 3.5.38
408 silly placeDep ROOT magic-string@0.30.21 OK for: @vue/compiler-sfc@3.5.38 want: ^0.30.21
409 silly fetch manifest @jridgewell/sourcemap-codec@^1.5.5
410 silly packumentCache full:https://registry.npmjs.org/@jridgewell%2fsourcemap-codec cache-miss
411 http fetch GET 200 https://registry.npmjs.org/@jridgewell%2fsourcemap-codec 720ms (cache miss)
412 silly packumentCache full:https://registry.npmjs.org/@jridgewell%2fsourcemap-codec set size:undefined disposed:false
413 silly placeDep ROOT @vue/reactivity@3.5.38 OK for: @vue/runtime-dom@3.5.38 want: 3.5.38
414 silly placeDep ROOT @vue/runtime-core@3.5.38 OK for: @vue/runtime-dom@3.5.38 want: 3.5.38
415 silly placeDep ROOT csstype@3.2.3 OK for: @vue/runtime-dom@3.5.38 want: ^3.2.3
416 silly placeDep ROOT @jridgewell/sourcemap-codec@1.5.5 OK for: magic-string@0.30.21 want: ^1.5.5
417 silly reify moves {}
418 silly audit bulk request {
418 silly audit   '@vitejs/plugin-vue': [ '6.0.7' ],
418 silly audit   vite: [ '8.0.16' ],
418 silly audit   vue: [ '3.5.38' ],
418 silly audit   '@rolldown/pluginutils': [ '1.0.1' ],
418 silly audit   fsevents: [ '2.3.3' ],
418 silly audit   lightningcss: [ '1.32.0' ],
418 silly audit   picomatch: [ '4.0.4' ],
418 silly audit   postcss: [ '8.5.15' ],
418 silly audit   rolldown: [ '1.0.3' ],
418 silly audit   tinyglobby: [ '0.2.17' ],
418 silly audit   'detect-libc': [ '2.1.2' ],
418 silly audit   'lightningcss-android-arm64': [ '1.32.0' ],
418 silly audit   'lightningcss-darwin-arm64': [ '1.32.0' ],
418 silly audit   'lightningcss-darwin-x64': [ '1.32.0' ],
418 silly audit   'lightningcss-freebsd-x64': [ '1.32.0' ],
418 silly audit   'lightningcss-linux-arm-gnueabihf': [ '1.32.0' ],
418 silly audit   'lightningcss-linux-arm64-gnu': [ '1.32.0' ],
418 silly audit   'lightningcss-linux-arm64-musl': [ '1.32.0' ],
418 silly audit   'lightningcss-linux-x64-gnu': [ '1.32.0' ],
418 silly audit   'lightningcss-linux-x64-musl': [ '1.32.0' ],
418 silly audit   'lightningcss-win32-arm64-msvc': [ '1.32.0' ],
418 silly audit   'lightningcss-win32-x64-msvc': [ '1.32.0' ],
418 silly audit   nanoid: [ '3.3.12' ],
418 silly audit   picocolors: [ '1.1.1' ],
418 silly audit   'source-map-js': [ '1.2.1' ],
418 silly audit   '@oxc-project/types': [ '0.133.0' ],
418 silly audit   '@rolldown/binding-android-arm64': [ '1.0.3' ],
418 silly audit   '@rolldown/binding-darwin-arm64': [ '1.0.3' ],
418 silly audit   '@rolldown/binding-darwin-x64': [ '1.0.3' ],
418 silly audit   '@rolldown/binding-freebsd-x64': [ '1.0.3' ],
418 silly audit   '@rolldown/binding-linux-arm-gnueabihf': [ '1.0.3' ],
418 silly audit   '@rolldown/binding-linux-arm64-gnu': [ '1.0.3' ],
418 silly audit   '@rolldown/binding-linux-arm64-musl': [ '1.0.3' ],
418 silly audit   '@rolldown/binding-linux-ppc64-gnu': [ '1.0.3' ],
418 silly audit   '@rolldown/binding-linux-s390x-gnu': [ '1.0.3' ],
418 silly audit   '@rolldown/binding-linux-x64-gnu': [ '1.0.3' ],
418 silly audit   '@rolldown/binding-linux-x64-musl': [ '1.0.3' ],
418 silly audit   '@rolldown/binding-openharmony-arm64': [ '1.0.3' ],
418 silly audit   '@rolldown/binding-wasm32-wasi': [ '1.0.3' ],
418 silly audit   '@rolldown/binding-win32-arm64-msvc': [ '1.0.3' ],
418 silly audit   '@rolldown/binding-win32-x64-msvc': [ '1.0.3' ],
418 silly audit   '@emnapi/core': [ '1.10.0' ],
418 silly audit   '@emnapi/runtime': [ '1.10.0' ],
418 silly audit   '@napi-rs/wasm-runtime': [ '1.1.5' ],
418 silly audit   '@emnapi/wasi-threads': [ '1.2.1' ],
418 silly audit   tslib: [ '2.8.1' ],
418 silly audit   '@tybys/wasm-util': [ '0.10.2' ],
418 silly audit   fdir: [ '6.5.0' ],
418 silly audit   '@vue/compiler-dom': [ '3.5.38' ],
418 silly audit   '@vue/compiler-sfc': [ '3.5.38' ],
418 silly audit   '@vue/runtime-dom': [ '3.5.38' ],
418 silly audit   '@vue/server-renderer': [ '3.5.38' ],
418 silly audit   '@vue/shared': [ '3.5.38' ],
418 silly audit   '@vue/compiler-core': [ '3.5.38' ],
418 silly audit   '@babel/parser': [ '7.29.7' ],
418 silly audit   entities: [ '7.0.1' ],
418 silly audit   'estree-walker': [ '2.0.2' ],
418 silly audit   '@babel/types': [ '7.29.7' ],
418 silly audit   '@babel/helper-string-parser': [ '7.29.7' ],
418 silly audit   '@babel/helper-validator-identifier': [ '7.29.7' ],
418 silly audit   '@vue/compiler-ssr': [ '3.5.38' ],
418 silly audit   'magic-string': [ '0.30.21' ],
418 silly audit   '@vue/reactivity': [ '3.5.38' ],
418 silly audit   '@vue/runtime-core': [ '3.5.38' ],
418 silly audit   csstype: [ '3.2.3' ],
418 silly audit   '@jridgewell/sourcemap-codec': [ '1.5.5' ]
418 silly audit }
419 http cache fdir@https://registry.npmjs.org/fdir/-/fdir-6.5.0.tgz 0ms (cache hit)
420 http cache @rolldown/binding-win32-x64-msvc@https://registry.npmjs.org/@rolldown/binding-win32-x64-msvc/-/binding-win32-x64-msvc-1.0.3.tgz 0ms (cache hit)
421 http cache @oxc-project/types@https://registry.npmjs.org/@oxc-project/types/-/types-0.133.0.tgz 0ms (cache hit)
422 http cache lightningcss-win32-x64-msvc@https://registry.npmjs.org/lightningcss-win32-x64-msvc/-/lightningcss-win32-x64-msvc-1.32.0.tgz 0ms (cache hit)
423 http cache tinyglobby@https://registry.npmjs.org/tinyglobby/-/tinyglobby-0.2.17.tgz 0ms (cache hit)
424 http cache detect-libc@https://registry.npmjs.org/detect-libc/-/detect-libc-2.1.2.tgz 0ms (cache hit)
425 http cache picomatch@https://registry.npmjs.org/picomatch/-/picomatch-4.0.4.tgz 0ms (cache hit)
426 http cache rolldown@https://registry.npmjs.org/rolldown/-/rolldown-1.0.3.tgz 0ms (cache hit)
427 silly tarball no local data for fdir@https://registry.npmjs.org/fdir/-/fdir-6.5.0.tgz. Extracting by manifest.
428 silly tarball no local data for @rolldown/binding-win32-x64-msvc@https://registry.npmjs.org/@rolldown/binding-win32-x64-msvc/-/binding-win32-x64-msvc-1.0.3.tgz. Extracting by manifest.
429 http cache @rolldown/pluginutils@https://registry.npmjs.org/@rolldown/pluginutils/-/pluginutils-1.0.1.tgz 0ms (cache hit)
430 silly tarball no local data for @oxc-project/types@https://registry.npmjs.org/@oxc-project/types/-/types-0.133.0.tgz. Extracting by manifest.
431 silly tarball no local data for lightningcss-win32-x64-msvc@https://registry.npmjs.org/lightningcss-win32-x64-msvc/-/lightningcss-win32-x64-msvc-1.32.0.tgz. Extracting by manifest.
432 silly tarball no local data for tinyglobby@https://registry.npmjs.org/tinyglobby/-/tinyglobby-0.2.17.tgz. Extracting by manifest.
433 silly tarball no local data for detect-libc@https://registry.npmjs.org/detect-libc/-/detect-libc-2.1.2.tgz. Extracting by manifest.
434 silly tarball no local data for picomatch@https://registry.npmjs.org/picomatch/-/picomatch-4.0.4.tgz. Extracting by manifest.
435 http cache lightningcss@https://registry.npmjs.org/lightningcss/-/lightningcss-1.32.0.tgz 0ms (cache hit)
436 silly tarball no local data for rolldown@https://registry.npmjs.org/rolldown/-/rolldown-1.0.3.tgz. Extracting by manifest.
437 silly tarball no local data for @rolldown/pluginutils@https://registry.npmjs.org/@rolldown/pluginutils/-/pluginutils-1.0.1.tgz. Extracting by manifest.
438 silly tarball no local data for lightningcss@https://registry.npmjs.org/lightningcss/-/lightningcss-1.32.0.tgz. Extracting by manifest.
439 http cache csstype@https://registry.npmjs.org/csstype/-/csstype-3.2.3.tgz 0ms (cache hit)
440 http cache picocolors@https://registry.npmjs.org/picocolors/-/picocolors-1.1.1.tgz 0ms (cache hit)
441 silly tarball no local data for csstype@https://registry.npmjs.org/csstype/-/csstype-3.2.3.tgz. Extracting by manifest.
442 silly tarball no local data for picocolors@https://registry.npmjs.org/picocolors/-/picocolors-1.1.1.tgz. Extracting by manifest.
443 http cache @vue/runtime-core@https://registry.npmjs.org/@vue/runtime-core/-/runtime-core-3.5.38.tgz 0ms (cache hit)
444 http cache magic-string@https://registry.npmjs.org/magic-string/-/magic-string-0.30.21.tgz 0ms (cache hit)
445 http cache @vue/reactivity@https://registry.npmjs.org/@vue/reactivity/-/reactivity-3.5.38.tgz 0ms (cache hit)
446 http cache @jridgewell/sourcemap-codec@https://registry.npmjs.org/@jridgewell/sourcemap-codec/-/sourcemap-codec-1.5.5.tgz 0ms (cache hit)
447 http cache @vue/compiler-ssr@https://registry.npmjs.org/@vue/compiler-ssr/-/compiler-ssr-3.5.38.tgz 0ms (cache hit)
448 http cache @babel/helper-string-parser@https://registry.npmjs.org/@babel/helper-string-parser/-/helper-string-parser-7.29.7.tgz 0ms (cache hit)
449 http cache @babel/helper-validator-identifier@https://registry.npmjs.org/@babel/helper-validator-identifier/-/helper-validator-identifier-7.29.7.tgz 0ms (cache hit)
450 http cache @vue/shared@https://registry.npmjs.org/@vue/shared/-/shared-3.5.38.tgz 0ms (cache hit)
451 http cache @vue/runtime-dom@https://registry.npmjs.org/@vue/runtime-dom/-/runtime-dom-3.5.38.tgz 0ms (cache hit)
452 http cache @vue/compiler-core@https://registry.npmjs.org/@vue/compiler-core/-/compiler-core-3.5.38.tgz 0ms (cache hit)
453 http cache source-map-js@https://registry.npmjs.org/source-map-js/-/source-map-js-1.2.1.tgz 0ms (cache hit)
454 http cache @vue/compiler-sfc@https://registry.npmjs.org/@vue/compiler-sfc/-/compiler-sfc-3.5.38.tgz 0ms (cache hit)
455 http cache @vue/compiler-dom@https://registry.npmjs.org/@vue/compiler-dom/-/compiler-dom-3.5.38.tgz 0ms (cache hit)
456 http cache @vue/server-renderer@https://registry.npmjs.org/@vue/server-renderer/-/server-renderer-3.5.38.tgz 0ms (cache hit)
457 http cache postcss@https://registry.npmjs.org/postcss/-/postcss-8.5.15.tgz 0ms (cache hit)
458 silly tarball no local data for magic-string@https://registry.npmjs.org/magic-string/-/magic-string-0.30.21.tgz. Extracting by manifest.
459 silly tarball no local data for @vue/runtime-core@https://registry.npmjs.org/@vue/runtime-core/-/runtime-core-3.5.38.tgz. Extracting by manifest.
460 http cache vue@https://registry.npmjs.org/vue/-/vue-3.5.38.tgz 0ms (cache hit)
461 silly tarball no local data for @vue/reactivity@https://registry.npmjs.org/@vue/reactivity/-/reactivity-3.5.38.tgz. Extracting by manifest.
462 silly tarball no local data for @jridgewell/sourcemap-codec@https://registry.npmjs.org/@jridgewell/sourcemap-codec/-/sourcemap-codec-1.5.5.tgz. Extracting by manifest.
463 silly tarball no local data for @vue/compiler-ssr@https://registry.npmjs.org/@vue/compiler-ssr/-/compiler-ssr-3.5.38.tgz. Extracting by manifest.
464 silly tarball no local data for @babel/helper-string-parser@https://registry.npmjs.org/@babel/helper-string-parser/-/helper-string-parser-7.29.7.tgz. Extracting by manifest.
465 silly tarball no local data for @babel/helper-validator-identifier@https://registry.npmjs.org/@babel/helper-validator-identifier/-/helper-validator-identifier-7.29.7.tgz. Extracting by manifest.
466 http cache @vitejs/plugin-vue@https://registry.npmjs.org/@vitejs/plugin-vue/-/plugin-vue-6.0.7.tgz 0ms (cache hit)
467 silly tarball no local data for @vue/shared@https://registry.npmjs.org/@vue/shared/-/shared-3.5.38.tgz. Extracting by manifest.
468 silly tarball no local data for @vue/runtime-dom@https://registry.npmjs.org/@vue/runtime-dom/-/runtime-dom-3.5.38.tgz. Extracting by manifest.
469 silly tarball no local data for @vue/compiler-core@https://registry.npmjs.org/@vue/compiler-core/-/compiler-core-3.5.38.tgz. Extracting by manifest.
470 silly tarball no local data for source-map-js@https://registry.npmjs.org/source-map-js/-/source-map-js-1.2.1.tgz. Extracting by manifest.
471 silly tarball no local data for @vue/compiler-dom@https://registry.npmjs.org/@vue/compiler-dom/-/compiler-dom-3.5.38.tgz. Extracting by manifest.
472 silly tarball no local data for @vue/compiler-sfc@https://registry.npmjs.org/@vue/compiler-sfc/-/compiler-sfc-3.5.38.tgz. Extracting by manifest.
473 silly tarball no local data for @vue/server-renderer@https://registry.npmjs.org/@vue/server-renderer/-/server-renderer-3.5.38.tgz. Extracting by manifest.
474 http cache @babel/parser@https://registry.npmjs.org/@babel/parser/-/parser-7.29.7.tgz 0ms (cache hit)
475 silly tarball no local data for postcss@https://registry.npmjs.org/postcss/-/postcss-8.5.15.tgz. Extracting by manifest.
476 silly tarball no local data for vue@https://registry.npmjs.org/vue/-/vue-3.5.38.tgz. Extracting by manifest.
477 silly tarball no local data for @vitejs/plugin-vue@https://registry.npmjs.org/@vitejs/plugin-vue/-/plugin-vue-6.0.7.tgz. Extracting by manifest.
478 silly tarball no local data for @babel/parser@https://registry.npmjs.org/@babel/parser/-/parser-7.29.7.tgz. Extracting by manifest.
479 http cache estree-walker@https://registry.npmjs.org/estree-walker/-/estree-walker-2.0.2.tgz 0ms (cache hit)
480 silly tarball no local data for estree-walker@https://registry.npmjs.org/estree-walker/-/estree-walker-2.0.2.tgz. Extracting by manifest.
481 http cache nanoid@https://registry.npmjs.org/nanoid/-/nanoid-3.3.12.tgz 0ms (cache hit)
482 silly tarball no local data for nanoid@https://registry.npmjs.org/nanoid/-/nanoid-3.3.12.tgz. Extracting by manifest.
483 http cache @babel/types@https://registry.npmjs.org/@babel/types/-/types-7.29.7.tgz 0ms (cache hit)
484 silly tarball no local data for @babel/types@https://registry.npmjs.org/@babel/types/-/types-7.29.7.tgz. Extracting by manifest.
485 http cache entities@https://registry.npmjs.org/entities/-/entities-7.0.1.tgz 0ms (cache hit)
486 silly tarball no local data for entities@https://registry.npmjs.org/entities/-/entities-7.0.1.tgz. Extracting by manifest.
487 http cache vite@https://registry.npmjs.org/vite/-/vite-8.0.16.tgz 0ms (cache hit)
488 silly tarball no local data for vite@https://registry.npmjs.org/vite/-/vite-8.0.16.tgz. Extracting by manifest.
489 http fetch GET 200 https://registry.npmjs.org/fdir/-/fdir-6.5.0.tgz 1890ms (cache miss)
490 http fetch GET 200 https://registry.npmjs.org/tinyglobby/-/tinyglobby-0.2.17.tgz 1897ms (cache miss)
491 http fetch GET 200 https://registry.npmjs.org/@oxc-project/types/-/types-0.133.0.tgz 1926ms (cache miss)
492 http fetch POST 200 https://registry.npmjs.org/-/npm/v1/security/advisories/bulk 1967ms
493 silly audit report {}
494 http fetch GET 200 https://registry.npmjs.org/@rolldown/pluginutils/-/pluginutils-1.0.1.tgz 1958ms (cache miss)
495 http fetch GET 200 https://registry.npmjs.org/@babel/helper-string-parser/-/helper-string-parser-7.29.7.tgz 2114ms (cache miss)
496 http fetch GET 200 https://registry.npmjs.org/@vue/compiler-ssr/-/compiler-ssr-3.5.38.tgz 2131ms (cache miss)
497 http fetch GET 200 https://registry.npmjs.org/@jridgewell/sourcemap-codec/-/sourcemap-codec-1.5.5.tgz 2137ms (cache miss)
498 http fetch GET 200 https://registry.npmjs.org/@babel/helper-validator-identifier/-/helper-validator-identifier-7.29.7.tgz 2157ms (cache miss)
499 http fetch GET 200 https://registry.npmjs.org/picocolors/-/picocolors-1.1.1.tgz 2616ms (cache miss)
500 http fetch GET 200 https://registry.npmjs.org/picomatch/-/picomatch-4.0.4.tgz 2678ms (cache miss)
501 http fetch GET 200 https://registry.npmjs.org/lightningcss/-/lightningcss-1.32.0.tgz 3114ms (cache miss)
502 http fetch GET 200 https://registry.npmjs.org/@vue/reactivity/-/reactivity-3.5.38.tgz 3030ms (cache miss)
503 http fetch GET 200 https://registry.npmjs.org/source-map-js/-/source-map-js-1.2.1.tgz 3215ms (cache miss)
504 http fetch GET 200 https://registry.npmjs.org/csstype/-/csstype-3.2.3.tgz 3455ms (cache miss)
505 http fetch GET 200 https://registry.npmjs.org/@vue/shared/-/shared-3.5.38.tgz 3407ms (cache miss)
506 http fetch GET 200 https://registry.npmjs.org/@vitejs/plugin-vue/-/plugin-vue-6.0.7.tgz 3685ms (cache miss)
507 http fetch GET 200 https://registry.npmjs.org/@vue/runtime-core/-/runtime-core-3.5.38.tgz 3896ms (cache miss)
508 http fetch GET 200 https://registry.npmjs.org/@vue/server-renderer/-/server-renderer-3.5.38.tgz 4026ms (cache miss)
509 http fetch GET 200 https://registry.npmjs.org/postcss/-/postcss-8.5.15.tgz 4055ms (cache miss)
510 http fetch GET 200 https://registry.npmjs.org/estree-walker/-/estree-walker-2.0.2.tgz 4396ms (cache miss)
511 http fetch GET 200 https://registry.npmjs.org/detect-libc/-/detect-libc-2.1.2.tgz 4670ms (cache miss)
512 http fetch GET 200 https://registry.npmjs.org/nanoid/-/nanoid-3.3.12.tgz 4662ms (cache miss)
513 http fetch GET 200 https://registry.npmjs.org/@vue/runtime-dom/-/runtime-dom-3.5.38.tgz 5792ms (cache miss)
514 http fetch GET 200 https://registry.npmjs.org/entities/-/entities-7.0.1.tgz 5816ms (cache miss)
515 http fetch GET 200 https://registry.npmjs.org/magic-string/-/magic-string-0.30.21.tgz 7072ms (cache miss)
516 http fetch GET 200 https://registry.npmjs.org/@babel/types/-/types-7.29.7.tgz 7462ms (cache miss)
517 http fetch GET 200 https://registry.npmjs.org/@vue/compiler-sfc/-/compiler-sfc-3.5.38.tgz 7846ms (cache miss)
518 http fetch GET 200 https://registry.npmjs.org/@vue/compiler-core/-/compiler-core-3.5.38.tgz 8147ms (cache miss)
519 http fetch GET 200 https://registry.npmjs.org/vue/-/vue-3.5.38.tgz 8525ms (cache miss)
520 http fetch GET 200 https://registry.npmjs.org/@babel/parser/-/parser-7.29.7.tgz 9628ms (cache miss)
521 http fetch GET 200 https://registry.npmjs.org/@vue/compiler-dom/-/compiler-dom-3.5.38.tgz 9985ms (cache miss)
522 http fetch GET 200 https://registry.npmjs.org/vite/-/vite-8.0.16.tgz 10219ms (cache miss)
523 http fetch GET 200 https://registry.npmjs.org/rolldown/-/rolldown-1.0.3.tgz 10384ms (cache miss)
524 http fetch GET 200 https://registry.npmjs.org/@rolldown/binding-win32-x64-msvc/-/binding-win32-x64-msvc-1.0.3.tgz 44793ms (cache miss)
525 http fetch GET 200 https://registry.npmjs.org/lightningcss-win32-x64-msvc/-/lightningcss-win32-x64-msvc-1.32.0.tgz 55209ms (cache miss)
526 silly ADD node_modules/@jridgewell/sourcemap-codec
527 silly ADD node_modules/csstype
528 silly ADD node_modules/@vue/runtime-core
529 silly ADD node_modules/@vue/reactivity
530 silly ADD node_modules/magic-string
531 silly ADD node_modules/@vue/compiler-ssr
532 silly ADD node_modules/@babel/helper-validator-identifier
533 silly ADD node_modules/@babel/helper-string-parser
534 silly ADD node_modules/@babel/types
535 silly ADD node_modules/estree-walker
536 silly ADD node_modules/entities
537 silly ADD node_modules/@babel/parser
538 silly ADD node_modules/@vue/compiler-core
539 silly ADD node_modules/@vue/shared
540 silly ADD node_modules/@vue/server-renderer
541 silly ADD node_modules/@vue/runtime-dom
542 silly ADD node_modules/@vue/compiler-sfc
543 silly ADD node_modules/@vue/compiler-dom
544 silly ADD node_modules/fdir
545 silly ADD node_modules/@rolldown/binding-win32-x64-msvc
546 silly ADD node_modules/@oxc-project/types
547 silly ADD node_modules/source-map-js
548 silly ADD node_modules/picocolors
549 silly ADD node_modules/nanoid
550 silly ADD node_modules/lightningcss-win32-x64-msvc
551 silly ADD node_modules/detect-libc
552 silly ADD node_modules/tinyglobby
553 silly ADD node_modules/rolldown
554 silly ADD node_modules/postcss
555 silly ADD node_modules/picomatch
556 silly ADD node_modules/lightningcss
557 silly ADD node_modules/@rolldown/pluginutils
558 silly ADD node_modules/vue
559 silly ADD node_modules/vite
560 silly ADD node_modules/@vitejs/plugin-vue
561 verbose cwd D:\cursor\restaurant-order\restaurant-frontend
562 verbose os Windows_NT 10.0.26100
563 verbose node v25.2.1
564 verbose npm  v11.6.2
565 verbose exit 0
566 info ok
